<?xml version="1.0" encoding="UTF-8"?>
<testng-results ignored="0" total="1" passed="1" failed="0" skipped="0">
  <reporter-output>
  </reporter-output>
  <suite started-at="2020-04-28T23:42:38 EDT" name="Default suite" finished-at="2020-04-28T23:42:52 EDT" duration-ms="14083">
    <groups>
    </groups>
    <test started-at="2020-04-28T23:42:38 EDT" name="Default test" finished-at="2020-04-28T23:42:52 EDT" duration-ms="14083">
      <class name="testNGTest.VerifyRadioButton">
        <test-method signature="verifyAllRadioButtons()[pri:0, instance:testNGTest.VerifyRadioButton@56a6d5a6]" started-at="2020-04-28T23:42:38 EDT" name="verifyAllRadioButtons" finished-at="2020-04-28T23:42:52 EDT" duration-ms="14051" status="PASS">
          <reporter-output>
          </reporter-output>
        </test-method> <!-- verifyAllRadioButtons -->
      </class> <!-- testNGTest.VerifyRadioButton -->
    </test> <!-- Default test -->
  </suite> <!-- Default suite -->
</testng-results>
